#
# There is insufficient memory for the Java Runtime Environment to continue.
# Native memory allocation (malloc) failed to allocate 762176 bytes for Chunk::new
# Possible reasons:
#   The system is out of physical RAM or swap space
#   In 32 bit mode, the process size limit was hit
# Possible solutions:
#   Reduce memory load on the system
#   Increase physical memory or swap space
#   Check if swap backing store is full
#   Use 64 bit Java on a 64 bit OS
#   Decrease Java heap size (-Xmx/-Xms)
#   Decrease number of Java threads
#   Decrease Java thread stack sizes (-Xss)
#   Set larger code cache with -XX:ReservedCodeCacheSize=
# This output file may be truncated or incomplete.
#
#  Out of Memory Error (allocation.cpp:390), pid=5908, tid=7296
#
# JRE version: Java(TM) SE Runtime Environment (8.0_45-b15) (build 1.8.0_45-b15)
# Java VM: Java HotSpot(TM) 64-Bit Server VM (25.45-b02 mixed mode windows-amd64 compressed oops)
# Failed to write core dump. Minidumps are not enabled by default on client versions of Windows
#

---------------  T H R E A D  ---------------

Current thread (0x0000000014b3f800):  JavaThread "C2 CompilerThread0" daemon [_thread_in_native, id=7296, stack(0x0000000016050000,0x0000000016150000)]

Stack: [0x0000000016050000,0x0000000016150000]
Native frames: (J=compiled Java code, j=interpreted, Vv=VM code, C=native code)
V  [jvm.dll+0x32b57a]


Current CompileTask:
C2:   3277 1561       4       com.android.dx.rop.code.LocalVariableExtractor::processBlock (327 bytes)


---------------  P R O C E S S  ---------------

Java Threads: ( => current thread )
  0x0000000014b4d000 JavaThread "Service Thread" daemon [_thread_blocked, id=2996, stack(0x0000000016750000,0x0000000016850000)]
  0x0000000014b48000 JavaThread "C1 CompilerThread2" daemon [_thread_in_vm, id=7084, stack(0x0000000016250000,0x0000000016350000)]
  0x0000000014b43000 JavaThread "C2 CompilerThread1" daemon [_thread_in_native, id=7772, stack(0x0000000016150000,0x0000000016250000)]
=>0x0000000014b3f800 JavaThread "C2 CompilerThread0" daemon [_thread_in_native, id=7296, stack(0x0000000016050000,0x0000000016150000)]
  0x0000000014b3a800 JavaThread "Attach Listener" daemon [_thread_blocked, id=204, stack(0x0000000015f50000,0x0000000016050000)]
  0x0000000014b39800 JavaThread "Signal Dispatcher" daemon [_thread_blocked, id=2992, stack(0x0000000015e50000,0x0000000015f50000)]
  0x0000000002418800 JavaThread "Finalizer" daemon [_thread_blocked, id=692, stack(0x0000000015d50000,0x0000000015e50000)]
  0x0000000002410800 JavaThread "Reference Handler" daemon [_thread_blocked, id=7944, stack(0x0000000015c50000,0x0000000015d50000)]
  0x0000000002323800 JavaThread "main" [_thread_in_native, id=4820, stack(0x00000000021a0000,0x00000000022a0000)]

Other Threads:
  0x0000000014ab7800 VMThread [stack: 0x0000000015b50000,0x0000000015c50000] [id=8836]
  0x00000000163bd000 WatcherThread [stack: 0x0000000016850000,0x0000000016950000] [id=2828]

VM state:not at safepoint (normal execution)

VM Mutex/Monitor currently owned by a thread: None

Heap:
 PSYoungGen      total 18944K, used 14589K [0x00000000eab00000, 0x00000000ec000000, 0x0000000100000000)
  eden space 16384K, 73% used [0x00000000eab00000,0x00000000eb6c6248,0x00000000ebb00000)
  from space 2560K, 98% used [0x00000000ebd80000,0x00000000ebff9228,0x00000000ec000000)
  to   space 2560K, 0% used [0x00000000ebb00000,0x00000000ebb00000,0x00000000ebd80000)
 ParOldGen       total 44032K, used 10004K [0x00000000c0000000, 0x00000000c2b00000, 0x00000000eab00000)
  object space 44032K, 22% used [0x00000000c0000000,0x00000000c09c53c0,0x00000000c2b00000)
 Metaspace       used 5800K, capacity 7024K, committed 7296K, reserved 1056768K
  class space    used 554K, capacity 616K, committed 640K, reserved 1048576K

Card table byte_map: [0x00000000117e0000,0x00000000119f0000] byte_map_base: 0x00000000111e0000

Marking Bits: (ParMarkBitMap*) 0x000000005d374040
 Begin Bits: [0x0000000011f50000, 0x0000000012f50000)
 End Bits:   [0x0000000012f50000, 0x0000000013f50000)

Polling page: 0x0000000002070000

CodeCache: size=245760Kb used=6746Kb max_used=6746Kb free=239013Kb
 bounds [0x0000000002420000, 0x0000000002ac0000, 0x0000000011420000]
 total_blobs=1830 nmethods=1565 adapters=178
 compilation: enabled

Compilation events (10 events):
Event: 3.173 Thread 0x0000000014b48000 1569       1       com.android.dx.cf.attrib.AttSourceFile::byteLength (3 bytes)
Event: 3.173 Thread 0x0000000014b48000 nmethod 1569 0x0000000002aab450 code [0x0000000002aab5a0, 0x0000000002aab6b0]
Event: 3.175 Thread 0x0000000014b48000 1570       1       com.android.dx.dex.file.ClassDefItem::getThisClass (5 bytes)
Event: 3.175 Thread 0x0000000014b48000 nmethod 1570 0x0000000002aab190 code [0x0000000002aab2e0, 0x0000000002aab3f0]
Event: 3.177 Thread 0x0000000014b48000 1571       3       com.android.dx.rop.code.Rops::opPutField (97 bytes)
Event: 3.178 Thread 0x0000000014b48000 nmethod 1571 0x0000000002aaec10 code [0x0000000002aaee40, 0x0000000002aafab8]
Event: 3.198 Thread 0x0000000014b48000 1572       1       com.android.dx.cf.attrib.AttInnerClasses::getInnerClasses (5 bytes)
Event: 3.199 Thread 0x0000000014b48000 nmethod 1572 0x0000000002aaae50 code [0x0000000002aaafa0, 0x0000000002aab0b0]
Event: 3.202 Thread 0x0000000014b48000 1573       3       com.android.dx.cf.direct.DirectClassFile::getAttributes (9 bytes)
Event: 3.203 Thread 0x0000000014b48000 nmethod 1573 0x0000000002aae790 code [0x0000000002aae900, 0x0000000002aaeb48]

GC Heap History (8 events):
Event: 1.497 GC heap before
{Heap before GC invocations=1 (full 0):
 PSYoungGen      total 18944K, used 16384K [0x00000000eab00000, 0x00000000ec000000, 0x0000000100000000)
  eden space 16384K, 100% used [0x00000000eab00000,0x00000000ebb00000,0x00000000ebb00000)
  from space 2560K, 0% used [0x00000000ebd80000,0x00000000ebd80000,0x00000000ec000000)
  to   space 2560K, 0% used [0x00000000ebb00000,0x00000000ebb00000,0x00000000ebd80000)
 ParOldGen       total 44032K, used 0K [0x00000000c0000000, 0x00000000c2b00000, 0x00000000eab00000)
  object space 44032K, 0% used [0x00000000c0000000,0x00000000c0000000,0x00000000c2b00000)
 Metaspace       used 5454K, capacity 6768K, committed 7040K, reserved 1056768K
  class space    used 549K, capacity 616K, committed 640K, reserved 1048576K
Event: 1.510 GC heap after
Heap after GC invocations=1 (full 0):
 PSYoungGen      total 18944K, used 2554K [0x00000000eab00000, 0x00000000ec000000, 0x0000000100000000)
  eden space 16384K, 0% used [0x00000000eab00000,0x00000000eab00000,0x00000000ebb00000)
  from space 2560K, 99% used [0x00000000ebb00000,0x00000000ebd7ebb8,0x00000000ebd80000)
  to   space 2560K, 0% used [0x00000000ebd80000,0x00000000ebd80000,0x00000000ec000000)
 ParOldGen       total 44032K, used 2341K [0x00000000c0000000, 0x00000000c2b00000, 0x00000000eab00000)
  object space 44032K, 5% used [0x00000000c0000000,0x00000000c0249630,0x00000000c2b00000)
 Metaspace       used 5454K, capacity 6768K, committed 7040K, reserved 1056768K
  class space    used 549K, capacity 616K, committed 640K, reserved 1048576K
}
Event: 2.250 GC heap before
{Heap before GC invocations=2 (full 0):
 PSYoungGen      total 18944K, used 18938K [0x00000000eab00000, 0x00000000ec000000, 0x0000000100000000)
  eden space 16384K, 100% used [0x00000000eab00000,0x00000000ebb00000,0x00000000ebb00000)
  from space 2560K, 99% used [0x00000000ebb00000,0x00000000ebd7ebb8,0x00000000ebd80000)
  to   space 2560K, 0% used [0x00000000ebd80000,0x00000000ebd80000,0x00000000ec000000)
 ParOldGen       total 44032K, used 2341K [0x00000000c0000000, 0x00000000c2b00000, 0x00000000eab00000)
  object space 44032K, 5% used [0x00000000c0000000,0x00000000c0249630,0x00000000c2b00000)
 Metaspace       used 5697K, capacity 6960K, committed 7040K, reserved 1056768K
  class space    used 553K, capacity 616K, committed 640K, reserved 1048576K
Event: 2.268 GC heap after
Heap after GC invocations=2 (full 0):
 PSYoungGen      total 18944K, used 2546K [0x00000000eab00000, 0x00000000ec000000, 0x0000000100000000)
  eden space 16384K, 0% used [0x00000000eab00000,0x00000000eab00000,0x00000000ebb00000)
  from space 2560K, 99% used [0x00000000ebd80000,0x00000000ebffcb80,0x00000000ec000000)
  to   space 2560K, 0% used [0x00000000ebb00000,0x00000000ebb00000,0x00000000ebd80000)
 ParOldGen       total 44032K, used 4808K [0x00000000c0000000, 0x00000000c2b00000, 0x00000000eab00000)
  object space 44032K, 10% used [0x00000000c0000000,0x00000000c04b2318,0x00000000c2b00000)
 Metaspace       used 5697K, capacity 6960K, committed 7040K, reserved 1056768K
  class space    used 553K, capacity 616K, committed 640K, reserved 1048576K
}
Event: 2.791 GC heap before
{Heap before GC invocations=3 (full 0):
 PSYoungGen      total 18944K, used 18930K [0x00000000eab00000, 0x00000000ec000000, 0x0000000100000000)
  eden space 16384K, 100% used [0x00000000eab00000,0x00000000ebb00000,0x00000000ebb00000)
  from space 2560K, 99% used [0x00000000ebd80000,0x00000000ebffcb80,0x00000000ec000000)
  to   space 2560K, 0% used [0x00000000ebb00000,0x00000000ebb00000,0x00000000ebd80000)
 ParOldGen       total 44032K, used 4808K [0x00000000c0000000, 0x00000000c2b00000, 0x00000000eab00000)
  object space 44032K, 10% used [0x00000000c0000000,0x00000000c04b2318,0x00000000c2b00000)
 Metaspace       used 5749K, capacity 7024K, committed 7296K, reserved 1056768K
  class space    used 553K, capacity 616K, committed 640K, reserved 1048576K
Event: 2.806 GC heap after
Heap after GC invocations=3 (full 0):
 PSYoungGen      total 18944K, used 2545K [0x00000000eab00000, 0x00000000ec000000, 0x0000000100000000)
  eden space 16384K, 0% used [0x00000000eab00000,0x00000000eab00000,0x00000000ebb00000)
  from space 2560K, 99% used [0x00000000ebb00000,0x00000000ebd7c6a8,0x00000000ebd80000)
  to   space 2560K, 0% used [0x00000000ebd80000,0x00000000ebd80000,0x00000000ec000000)
 ParOldGen       total 44032K, used 7208K [0x00000000c0000000, 0x00000000c2b00000, 0x00000000eab00000)
  object space 44032K, 16% used [0x00000000c0000000,0x00000000c070a338,0x00000000c2b00000)
 Metaspace       used 5749K, capacity 7024K, committed 7296K, reserved 1056768K
  class space    used 553K, capacity 616K, committed 640K, reserved 1048576K
}
Event: 3.073 GC heap before
{Heap before GC invocations=4 (full 0):
 PSYoungGen      total 18944K, used 18929K [0x00000000eab00000, 0x00000000ec000000, 0x0000000100000000)
  eden space 16384K, 100% used [0x00000000eab00000,0x00000000ebb00000,0x00000000ebb00000)
  from space 2560K, 99% used [0x00000000ebb00000,0x00000000ebd7c6a8,0x00000000ebd80000)
  to   space 2560K, 0% used [0x00000000ebd80000,0x00000000ebd80000,0x00000000ec000000)
 ParOldGen       total 44032K, used 7208K [0x00000000c0000000, 0x00000000c2b00000, 0x00000000eab00000)
  object space 44032K, 16% used [0x00000000c0000000,0x00000000c070a338,0x00000000c2b00000)
 Metaspace       used 5789K, capacity 7024K, committed 7296K, reserved 1056768K
  class space    used 554K, capacity 616K, committed 640K, reserved 1048576K
Event: 3.088 GC heap after
Heap after GC invocations=4 (full 0):
 PSYoungGen      total 18944K, used 2532K [0x00000000eab00000, 0x00000000ec000000, 0x0000000100000000)
  eden space 16384K, 0% used [0x00000000eab00000,0x00000000eab00000,0x00000000ebb00000)
  from space 2560K, 98% used [0x00000000ebd80000,0x00000000ebff9228,0x00000000ec000000)
  to   space 2560K, 0% used [0x00000000ebb00000,0x00000000ebb00000,0x00000000ebd80000)
 ParOldGen       total 44032K, used 10004K [0x00000000c0000000, 0x00000000c2b00000, 0x00000000eab00000)
  object space 44032K, 22% used [0x00000000c0000000,0x00000000c09c53c0,0x00000000c2b00000)
 Metaspace       used 5789K, capacity 7024K, committed 7296K, reserved 1056768K
  class space    used 554K, capacity 616K, committed 640K, reserved 1048576K
}

Deoptimization events (10 events):
Event: 2.353 Thread 0x0000000002323800 Uncommon trap: reason=class_check action=maybe_recompile pc=0x00000000028a0108 method=com.android.dx.ssa.NormalSsaInsn.accept(Lcom/android/dx/ssa/SsaInsn$Visitor;)V @ 9
Event: 2.498 Thread 0x0000000002323800 Uncommon trap: reason=unstable_if action=reinterpret pc=0x0000000002982ec4 method=com.android.dx.ssa.SsaRenamer$BlockRenamer.addMapping(ILcom/android/dx/rop/code/RegisterSpec;)V @ 120
Event: 2.505 Thread 0x0000000002323800 Uncommon trap: reason=unstable_if action=reinterpret pc=0x000000000289a1f8 method=com.android.dx.ssa.SsaRenamer$BlockRenamer.addMapping(ILcom/android/dx/rop/code/RegisterSpec;)V @ 120
Event: 2.512 Thread 0x0000000002323800 Uncommon trap: reason=class_check action=maybe_recompile pc=0x00000000027549d4 method=com.android.dx.ssa.NormalSsaInsn.accept(Lcom/android/dx/ssa/SsaInsn$Visitor;)V @ 9
Event: 2.678 Thread 0x0000000002323800 Uncommon trap: reason=bimorphic action=maybe_recompile pc=0x0000000002776698 method=java.util.HashMap.getNode(ILjava/lang/Object;)Ljava/util/HashMap$Node; @ 126
Event: 2.678 Thread 0x0000000002323800 Uncommon trap: reason=bimorphic action=maybe_recompile pc=0x0000000002776698 method=java.util.HashMap.getNode(ILjava/lang/Object;)Ljava/util/HashMap$Node; @ 126
Event: 2.678 Thread 0x0000000002323800 Uncommon trap: reason=bimorphic action=maybe_recompile pc=0x0000000002776698 method=java.util.HashMap.getNode(ILjava/lang/Object;)Ljava/util/HashMap$Node; @ 126
Event: 2.678 Thread 0x0000000002323800 Uncommon trap: reason=bimorphic action=maybe_recompile pc=0x0000000002776698 method=java.util.HashMap.getNode(ILjava/lang/Object;)Ljava/util/HashMap$Node; @ 126
Event: 2.830 Thread 0x0000000002323800 Uncommon trap: reason=unstable_if action=reinterpret pc=0x00000000029e2178 method=com.android.dx.ssa.SsaRenamer$BlockRenamer.addMapping(ILcom/android/dx/rop/code/RegisterSpec;)V @ 120
Event: 3.024 Thread 0x0000000002323800 Uncommon trap: reason=unstable_if action=reinterpret pc=0x000000000293ae7c method=com.android.dx.util.IntList.binarysearch(I)I @ 105

Internal exceptions (2 events):
Event: 0.232 Thread 0x0000000002323800 Exception <a 'java/lang/NoSuchMethodError': Method sun.misc.Unsafe.defineClass(Ljava/lang/String;[BII)Ljava/lang/Class; name or signature does not match> (0x00000000eab12f10) thrown at [C:\re\workspace\8-2-build-windows-amd64-cygwin\jdk8u45\3627\hotspot\sr¤2¿¦½Í?
Event: 0.232 Thread 0x0000000002323800 Exception <a 'java/lang/NoSuchMethodError': Method sun.misc.Unsafe.prefetchRead(Ljava/lang/Object;J)V name or signature does not match> (0x00000000eab131a0) thrown at [C:\re\workspace\8-2-build-windows-amd64-cygwin\jdk8u45\3627\hotspot\src\share\vm\prims\j

Events (10 events):
Event: 2.830 Thread 0x0000000002323800 Uncommon trap: trap_request=0xffffff65 fr.pc=0x00000000029e2178
Event: 2.830 Thread 0x0000000002323800 DEOPT PACKING pc=0x00000000029e2178 sp=0x000000000229e500
Event: 2.830 Thread 0x0000000002323800 DEOPT UNPACKING pc=0x000000000246582a sp=0x000000000229e2e8 mode 2
Event: 2.923 loading class com/android/dx/rop/code/RegisterSpec$1
Event: 2.923 loading class com/android/dx/rop/code/RegisterSpec$1 done
Event: 3.024 Thread 0x0000000002323800 Uncommon trap: trap_request=0xffffff65 fr.pc=0x000000000293ae7c
Event: 3.025 Thread 0x0000000002323800 DEOPT PACKING pc=0x000000000293ae7c sp=0x000000000229e3f0
Event: 3.025 Thread 0x0000000002323800 DEOPT UNPACKING pc=0x000000000246582a sp=0x000000000229e368 mode 2
Event: 3.072 Executing VM operation: ParallelGCFailedAllocation
Event: 3.088 Executing VM operation: ParallelGCFailedAllocation done


Dynamic libraries:
0x00007ff754b00000 - 0x00007ff754b37000 	C:\Program Files\Java\jdk1.8.0_45\bin\java.exe
0x00007ff9be1b0000 - 0x00007ff9be35c000 	C:\windows\SYSTEM32\ntdll.dll
0x00007ff9bc2c0000 - 0x00007ff9bc3fa000 	C:\windows\system32\KERNEL32.DLL
0x00007ff9bb710000 - 0x00007ff9bb81f000 	C:\windows\system32\KERNELBASE.dll
0x00007ff9b9a70000 - 0x00007ff9b9af8000 	C:\windows\system32\apphelp.dll
0x00007ff9ae6e0000 - 0x00007ff9ae72f000 	C:\windows\AppPatch\AppPatch64\AcGenral.DLL
0x00007ff9be0f0000 - 0x00007ff9be197000 	C:\windows\system32\msvcrt.dll
0x00007ff9bb250000 - 0x00007ff9bb27b000 	C:\windows\SYSTEM32\SspiCli.dll
0x00007ff9bdef0000 - 0x00007ff9bdf41000 	C:\windows\system32\SHLWAPI.dll
0x00007ff9bc580000 - 0x00007ff9bc6f1000 	C:\windows\system32\USER32.dll
0x00007ff9bc120000 - 0x00007ff9bc2b4000 	C:\windows\system32\ole32.dll
0x00007ff9bc700000 - 0x00007ff9bdc2b000 	C:\windows\system32\SHELL32.dll
0x00007ff9ba9e0000 - 0x00007ff9ba9fe000 	C:\windows\SYSTEM32\USERENV.dll
0x00007ff9bbb70000 - 0x00007ff9bbc15000 	C:\windows\system32\ADVAPI32.dll
0x00007ff9a2bb0000 - 0x00007ff9a2bcb000 	C:\windows\SYSTEM32\MPR.dll
0x00007ff9bc400000 - 0x00007ff9bc541000 	C:\windows\system32\RPCRT4.dll
0x00007ff9bbd70000 - 0x00007ff9bbdc9000 	C:\windows\SYSTEM32\sechost.dll
0x00007ff9bb990000 - 0x00007ff9bbb66000 	C:\windows\SYSTEM32\combase.dll
0x00007ff9bdda0000 - 0x00007ff9bdef0000 	C:\windows\system32\GDI32.dll
0x00007ff9bb3b0000 - 0x00007ff9bb3c4000 	C:\windows\SYSTEM32\profapi.dll
0x00007ff9b9cf0000 - 0x00007ff9b9d8f000 	C:\windows\SYSTEM32\SHCORE.dll
0x00007ff9bc0e0000 - 0x00007ff9bc114000 	C:\windows\system32\IMM32.DLL
0x00007ff9bdc40000 - 0x00007ff9bdd91000 	C:\windows\system32\MSCTF.dll
0x00007ff9b97f0000 - 0x00007ff9b9a6a000 	C:\windows\WinSxS\amd64_microsoft.windows.common-controls_6595b64144ccf1df_6.0.9600.17810_none_6240b9c7ecbd0bda\COMCTL32.dll
0x00007ff9a2780000 - 0x00007ff9a2827000 	C:\Program Files\McAfee\Host Intrusion Prevention\HcApi.dll
0x000000005d590000 - 0x000000005d59b000 	C:\Program Files\McAfee\Host Intrusion Prevention\HcThe.dll
0x000000005c6f0000 - 0x000000005c7c2000 	C:\Program Files\Java\jdk1.8.0_45\jre\bin\msvcr100.dll
0x000000005cb70000 - 0x000000005d3f3000 	C:\Program Files\Java\jdk1.8.0_45\jre\bin\server\jvm.dll
0x00007ff9b6d70000 - 0x00007ff9b6d79000 	C:\windows\SYSTEM32\WSOCK32.dll
0x00007ff9b4410000 - 0x00007ff9b442f000 	C:\windows\SYSTEM32\WINMM.dll
0x00007ff9b6f10000 - 0x00007ff9b6f1a000 	C:\windows\SYSTEM32\VERSION.dll
0x00007ff9bc0d0000 - 0x00007ff9bc0d7000 	C:\windows\system32\PSAPI.DLL
0x00007ff9bc070000 - 0x00007ff9bc0c8000 	C:\windows\system32\WS2_32.dll
0x00007ff9b4070000 - 0x00007ff9b409a000 	C:\windows\SYSTEM32\WINMMBASE.dll
0x00007ff9bdc30000 - 0x00007ff9bdc39000 	C:\windows\system32\NSI.dll
0x00007ff9bb870000 - 0x00007ff9bb8ba000 	C:\windows\SYSTEM32\cfgmgr32.dll
0x00007ff9ba220000 - 0x00007ff9ba246000 	C:\windows\SYSTEM32\DEVOBJ.dll
0x000000005cb60000 - 0x000000005cb6f000 	C:\Program Files\Java\jdk1.8.0_45\jre\bin\verify.dll
0x000000005cb30000 - 0x000000005cb59000 	C:\Program Files\Java\jdk1.8.0_45\jre\bin\java.dll
0x000000005cb10000 - 0x000000005cb26000 	C:\Program Files\Java\jdk1.8.0_45\jre\bin\zip.dll
0x00007ff9b6d80000 - 0x00007ff9b6f08000 	C:\windows\SYSTEM32\dbghelp.dll

VM Arguments:
jvm_args: -Xmx1024M -Dfile.encoding=windows-1255 -Duser.country=US -Duser.language=en -Duser.variant -Djava.net.preferIPv4Stack=true 
java_command: com.android.dx.command.Main --dex --output C:\wn\git\WhatNext\WhatNext\app\build\intermediates\dex\debug C:\wn\git\WhatNext\WhatNext\app\build\intermediates\classes\debug C:\wn\git\WhatNext\WhatNext\app\build\intermediates\pre-dexed\debug\internal_impl-22.2.0-e05692344d6501b713b3ec5ad84e179d4b5da63f.jar C:\wn\git\WhatNext\WhatNext\app\build\intermediates\pre-dexed\debug\support-annotations-22.2.0-2a355457f70f89dcfe21ffd683dfb03933c59e63.jar C:\wn\git\WhatNext\WhatNext\app\build\intermediates\pre-dexed\debug\classes-89aa684d6b5cdd10bc505e93078cc35cb21108f1.jar C:\wn\git\WhatNext\WhatNext\app\build\intermediates\pre-dexed\debug\classes-7100679cb5336b59bb10d9b3e558013bf54ff167.jar C:\wn\git\WhatNext\WhatNext\app\build\intermediates\pre-dexed\debug\classes-993bd93eec732af21878de5879e9559fd5f8fb44.jar C:\wn\git\WhatNext\WhatNext\app\build\intermediates\pre-dexed\debug\classes-13f13cb6471f54b36d97a6eef687010e30dda9cc.jar C:\wn\git\WhatNext\WhatNext\app\build\intermediates\pre-dexed\debug\internal_impl-22.2.0-adb51d3301bee9c36f6285a3604a425c389b081d.jar C:\wn\git\WhatNext\WhatNext\app\build\intermediates\pre-dexed\debug\classes-10334de58543a407399f7389cca4f5c6d1f5c9ab.jar C:\wn\git\WhatNext\WhatNext\app\build\intermediates\pre-dexed\debug\glide-3.6.0-33a767e89e68529da66a4684b0ca42f45bf2e98b.jar C:\wn\git\WhatNext\WhatNext\app\build\intermediates\pre-dexed\debug\classes-6e2ab3bd5eda2194cdec8f7b5e48c6dc51e8d221.jar C:\wn\git\WhatNext\WhatNext\app\build\intermediates\pre-dexed\debug\classes-88067d231ab0c9f9679cb75629f68cf841cc43d5.jar C:\wn\git\WhatNext\WhatNext\app\build\intermediates\pre-dexed\debug\classes-40a3c096e3d7b6b939df36fd3aa5f07faee8efb2.jar
java_class_path (initial): C:\Users\samzaleg\AppData\Local\Android\sdk\build-tools\22.0.1\lib\dx.jar
Launcher Type: SUN_STANDARD

Environment Variables:
JAVA_HOME=C:\Program Files\Java\jdk1.8.0_45
_JAVA_OPTIONS=-Djava.net.preferIPv4Stack=true
PATH=C:\ProgramData\Oracle\Java\javapath;C:\Program Files\Java\jdk1.8.0_45\bin\javac;C:\Program Files (x86)\Java\jre7\bin;C:\windows\system32;C:\windows;C:\windows\System32\Wbem;C:\windows\System32\WindowsPowerShell\v1.0\;C:\PROGRA~2\F-Secure\ssh;C:\Program Files (x86)\Windows Kits\8.1\Windows Performance Toolkit\;C:\Program Files\Microsoft SQL Server\110\Tools\Binn\;C:\Program Files (x86)\GitExtensions\;C:\Program Files\nodejs\;C:\Program Files (x86)\Git\bin;C:\apache-ant-1.9.4\bin;C:\Program Files (x86)\Heroku\bin;C:\Program Files (x86)\git\cmd;C:\Program Files\Intel\WiFi\bin\;C:\Program Files\Common Files\Intel\WirelessCommon\;C:\RailsInstaller\Git\cmd;C:\RailsInstaller\Ruby2.0.0\bin;C:\Users\samzaleg\AppData\Roaming\npm;C:\RailsInstaller\Ruby2.0.0\;C:\Program Files\Intel\WiFi\bin\;C:\Program Files\Common Files\Intel\WirelessCommon\
USERNAME=samzaleg
OS=Windows_NT
PROCESSOR_IDENTIFIER=Intel64 Family 6 Model 42 Stepping 7, GenuineIntel



---------------  S Y S T E M  ---------------

OS: Windows 8.1 , 64 bit Build 9600 (6.3.9600.17056)

CPU:total 4 (2 cores per cpu, 2 threads per core) family 6 model 42 stepping 7, cmov, cx8, fxsr, mmx, sse, sse2, sse3, ssse3, sse4.1, sse4.2, popcnt, avx, aes, clmul, ht, tsc, tscinvbit

Memory: 4k page, physical 4074744k(294440k free), swap 7220472k(5124k free)

vm_info: Java HotSpot(TM) 64-Bit Server VM (25.45-b02) for windows-amd64 JRE (1.8.0_45-b15), built on Apr 30 2015 12:40:44 by "java_re" with MS VC++ 10.0 (VS2010)

time: Thu Nov 19 15:32:05 2015
elapsed time: 3 seconds (0d 0h 0m 3s)

